{"C:\\Users\\HP\\OneDrive - BCIT\\Desktop\\Documents\\BCIT CIT\\ACIT 2911\\index.js": {"path":"C:\\Users\\HP\\OneDrive - BCIT\\Desktop\\Documents\\BCIT CIT\\ACIT 2911\\index.js","statementMap":{"0":{"start":{"line":2,"column":16},"end":{"line":2,"column":34}},"1":{"start":{"line":3,"column":12},"end":{"line":3,"column":21}},"2":{"start":{"line":4,"column":13},"end":{"line":4,"column":28}},"3":{"start":{"line":5,"column":19},"end":{"line":5,"column":49}},"4":{"start":{"line":6,"column":27},"end":{"line":6,"column":70}},"5":{"start":{"line":7,"column":23},"end":{"line":7,"column":62}},"6":{"start":{"line":8,"column":16},"end":{"line":8,"column":42}},"7":{"start":{"line":9,"column":17},"end":{"line":9,"column":49}},"8":{"start":{"line":10,"column":21},"end":{"line":10,"column":53}},"9":{"start":{"line":13,"column":23},"end":{"line":13,"column":49}},"10":{"start":{"line":14,"column":32},"end":{"line":14,"column":68}},"11":{"start":{"line":19,"column":25},"end":{"line":19,"column":50}},"12":{"start":{"line":21,"column":15},"end":{"line":21,"column":33}},"13":{"start":{"line":30,"column":0},"end":{"line":30,"column":29}},"14":{"start":{"line":31,"column":0},"end":{"line":31,"column":55}},"15":{"start":{"line":32,"column":0},"end":{"line":42,"column":1}},"16":{"start":{"line":46,"column":0},"end":{"line":46,"column":34}},"17":{"start":{"line":49,"column":0},"end":{"line":49,"column":23}},"18":{"start":{"line":50,"column":0},"end":{"line":50,"column":47}},"19":{"start":{"line":51,"column":0},"end":{"line":51,"column":30}},"20":{"start":{"line":52,"column":0},"end":{"line":52,"column":27}},"21":{"start":{"line":53,"column":0},"end":{"line":53,"column":19}},"22":{"start":{"line":54,"column":0},"end":{"line":54,"column":30}},"23":{"start":{"line":55,"column":0},"end":{"line":55,"column":27}},"24":{"start":{"line":56,"column":0},"end":{"line":56,"column":34}},"25":{"start":{"line":60,"column":0},"end":{"line":60,"column":34}},"26":{"start":{"line":63,"column":2},"end":{"line":69,"column":3}},"27":{"start":{"line":66,"column":4},"end":{"line":66,"column":17}},"28":{"start":{"line":68,"column":4},"end":{"line":68,"column":34}},"29":{"start":{"line":71,"column":0},"end":{"line":71,"column":37}},"30":{"start":{"line":72,"column":0},"end":{"line":72,"column":46}},"31":{"start":{"line":73,"column":0},"end":{"line":73,"column":43}},"32":{"start":{"line":74,"column":0},"end":{"line":74,"column":58}},"33":{"start":{"line":75,"column":0},"end":{"line":75,"column":48}},"34":{"start":{"line":76,"column":0},"end":{"line":76,"column":52}},"35":{"start":{"line":77,"column":0},"end":{"line":77,"column":54}},"36":{"start":{"line":78,"column":0},"end":{"line":78,"column":45}},"37":{"start":{"line":79,"column":0},"end":{"line":79,"column":45}},"38":{"start":{"line":80,"column":0},"end":{"line":80,"column":39}},"39":{"start":{"line":84,"column":13},"end":{"line":84,"column":33}},"40":{"start":{"line":85,"column":16},"end":{"line":85,"column":34}},"41":{"start":{"line":86,"column":20},"end":{"line":90,"column":4}},"42":{"start":{"line":91,"column":2},"end":{"line":91,"column":19}},"43":{"start":{"line":93,"column":0},"end":{"line":113,"column":3}},"44":{"start":{"line":94,"column":13},"end":{"line":94,"column":38}},"45":{"start":{"line":95,"column":2},"end":{"line":95,"column":19}},"46":{"start":{"line":96,"column":2},"end":{"line":96,"column":21}},"47":{"start":{"line":97,"column":2},"end":{"line":97,"column":21}},"48":{"start":{"line":98,"column":2},"end":{"line":98,"column":26}},"49":{"start":{"line":100,"column":2},"end":{"line":100,"column":29}},"50":{"start":{"line":101,"column":2},"end":{"line":101,"column":38}},"51":{"start":{"line":103,"column":18},"end":{"line":108,"column":4}},"52":{"start":{"line":110,"column":2},"end":{"line":110,"column":39}},"53":{"start":{"line":112,"column":2},"end":{"line":112,"column":22}},"54":{"start":{"line":116,"column":0},"end":{"line":116,"column":78}},"55":{"start":{"line":117,"column":0},"end":{"line":117,"column":59}},"56":{"start":{"line":118,"column":0},"end":{"line":118,"column":59}},"57":{"start":{"line":119,"column":0},"end":{"line":119,"column":59}},"58":{"start":{"line":120,"column":0},"end":{"line":120,"column":46}},"59":{"start":{"line":121,"column":0},"end":{"line":121,"column":52}},"60":{"start":{"line":122,"column":0},"end":{"line":122,"column":46}},"61":{"start":{"line":125,"column":0},"end":{"line":125,"column":37}},"62":{"start":{"line":126,"column":0},"end":{"line":126,"column":46}},"63":{"start":{"line":127,"column":0},"end":{"line":127,"column":43}},"64":{"start":{"line":128,"column":0},"end":{"line":128,"column":58}},"65":{"start":{"line":129,"column":0},"end":{"line":129,"column":48}},"66":{"start":{"line":130,"column":0},"end":{"line":130,"column":52}},"67":{"start":{"line":131,"column":0},"end":{"line":131,"column":54}},"68":{"start":{"line":132,"column":0},"end":{"line":132,"column":78}},"69":{"start":{"line":134,"column":0},"end":{"line":134,"column":59}},"70":{"start":{"line":136,"column":0},"end":{"line":136,"column":59}},"71":{"start":{"line":137,"column":0},"end":{"line":137,"column":59}},"72":{"start":{"line":139,"column":0},"end":{"line":139,"column":45}},"73":{"start":{"line":140,"column":0},"end":{"line":140,"column":46}},"74":{"start":{"line":141,"column":0},"end":{"line":141,"column":45}},"75":{"start":{"line":142,"column":0},"end":{"line":142,"column":52}},"76":{"start":{"line":143,"column":0},"end":{"line":143,"column":39}},"77":{"start":{"line":144,"column":0},"end":{"line":144,"column":46}},"78":{"start":{"line":145,"column":0},"end":{"line":153,"column":3}},"79":{"start":{"line":146,"column":15},"end":{"line":146,"column":30}},"80":{"start":{"line":147,"column":20},"end":{"line":151,"column":4}},"81":{"start":{"line":152,"column":2},"end":{"line":152,"column":22}},"82":{"start":{"line":156,"column":0},"end":{"line":161,"column":2}},"83":{"start":{"line":157,"column":2},"end":{"line":157,"column":33}},"84":{"start":{"line":158,"column":2},"end":{"line":160,"column":3}}},"fnMap":{"0":{"name":"ensureAuthenticatedForCreate","decl":{"start":{"line":62,"column":9},"end":{"line":62,"column":37}},"loc":{"start":{"line":62,"column":54},"end":{"line":70,"column":1}},"line":62},"1":{"name":"getRemindersForDate","decl":{"start":{"line":83,"column":15},"end":{"line":83,"column":34}},"loc":{"start":{"line":83,"column":47},"end":{"line":92,"column":1}},"line":83},"2":{"name":"(anonymous_2)","decl":{"start":{"line":93,"column":28},"end":{"line":93,"column":29}},"loc":{"start":{"line":93,"column":48},"end":{"line":113,"column":1}},"line":93},"3":{"name":"(anonymous_3)","decl":{"start":{"line":145,"column":28},"end":{"line":145,"column":29}},"loc":{"start":{"line":145,"column":48},"end":{"line":153,"column":1}},"line":145},"4":{"name":"(anonymous_4)","decl":{"start":{"line":156,"column":17},"end":{"line":156,"column":18}},"loc":{"start":{"line":156,"column":29},"end":{"line":161,"column":1}},"line":156}},"branchMap":{"0":{"loc":{"start":{"line":63,"column":2},"end":{"line":69,"column":3}},"type":"if","locations":[{"start":{"line":63,"column":2},"end":{"line":69,"column":3}},{"start":{"line":67,"column":9},"end":{"line":69,"column":3}}],"line":63}},"s":{"0":1,"1":1,"2":1,"3":1,"4":1,"5":1,"6":1,"7":1,"8":1,"9":1,"10":1,"11":1,"12":1,"13":1,"14":1,"15":1,"16":1,"17":1,"18":1,"19":1,"20":1,"21":1,"22":1,"23":1,"24":1,"25":1,"26":0,"27":0,"28":0,"29":1,"30":1,"31":1,"32":1,"33":1,"34":1,"35":1,"36":1,"37":1,"38":1,"39":0,"40":0,"41":0,"42":0,"43":1,"44":0,"45":0,"46":0,"47":0,"48":0,"49":0,"50":0,"51":0,"52":0,"53":0,"54":1,"55":1,"56":1,"57":1,"58":1,"59":1,"60":1,"61":1,"62":1,"63":1,"64":1,"65":1,"66":1,"67":1,"68":1,"69":1,"70":1,"71":1,"72":1,"73":1,"74":1,"75":1,"76":1,"77":1,"78":1,"79":0,"80":0,"81":0,"82":1,"83":0,"84":0},"f":{"0":0,"1":0,"2":0,"3":0,"4":0},"b":{"0":[0,0]},"_coverageSchema":"1a1c01bbd47fc00a2c39e90264f33305004495a9","hash":"2c8aabf81b3e8565bba4ec50d6820fbfbb44515c"}
,"C:\\Users\\HP\\OneDrive - BCIT\\Desktop\\Documents\\BCIT CIT\\ACIT 2911\\controller\\auth_controller.js": {"path":"C:\\Users\\HP\\OneDrive - BCIT\\Desktop\\Documents\\BCIT CIT\\ACIT 2911\\controller\\auth_controller.js","statementMap":{"0":{"start":{"line":1,"column":22},"end":{"line":1,"column":52}},"1":{"start":{"line":2,"column":17},"end":{"line":2,"column":36}},"2":{"start":{"line":3,"column":15},"end":{"line":3,"column":32}},"3":{"start":{"line":5,"column":21},"end":{"line":59,"column":1}},"4":{"start":{"line":8,"column":4},"end":{"line":8,"column":28}},"5":{"start":{"line":12,"column":4},"end":{"line":12,"column":31}},"6":{"start":{"line":16,"column":4},"end":{"line":19,"column":22}},"7":{"start":{"line":24,"column":57},"end":{"line":24,"column":65}},"8":{"start":{"line":26,"column":4},"end":{"line":57,"column":5}},"9":{"start":{"line":27,"column":6},"end":{"line":29,"column":8}},"10":{"start":{"line":30,"column":11},"end":{"line":57,"column":5}},"11":{"start":{"line":31,"column":6},"end":{"line":33,"column":8}},"12":{"start":{"line":35,"column":6},"end":{"line":56,"column":7}},"13":{"start":{"line":36,"column":29},"end":{"line":36,"column":59}},"14":{"start":{"line":37,"column":8},"end":{"line":50,"column":9}},"15":{"start":{"line":38,"column":10},"end":{"line":40,"column":12}},"16":{"start":{"line":42,"column":26},"end":{"line":47,"column":12}},"17":{"start":{"line":48,"column":10},"end":{"line":48,"column":30}},"18":{"start":{"line":49,"column":10},"end":{"line":49,"column":32}},"19":{"start":{"line":52,"column":8},"end":{"line":52,"column":28}},"20":{"start":{"line":53,"column":8},"end":{"line":55,"column":10}},"21":{"start":{"line":61,"column":0},"end":{"line":61,"column":31}}},"fnMap":{"0":{"name":"(anonymous_0)","decl":{"start":{"line":7,"column":9},"end":{"line":7,"column":10}},"loc":{"start":{"line":7,"column":23},"end":{"line":9,"column":3}},"line":7},"1":{"name":"(anonymous_1)","decl":{"start":{"line":11,"column":12},"end":{"line":11,"column":13}},"loc":{"start":{"line":11,"column":26},"end":{"line":13,"column":3}},"line":11},"2":{"name":"(anonymous_2)","decl":{"start":{"line":15,"column":15},"end":{"line":15,"column":16}},"loc":{"start":{"line":15,"column":35},"end":{"line":20,"column":3}},"line":15},"3":{"name":"(anonymous_3)","decl":{"start":{"line":22,"column":18},"end":{"line":22,"column":19}},"loc":{"start":{"line":22,"column":38},"end":{"line":58,"column":3}},"line":22}},"branchMap":{"0":{"loc":{"start":{"line":26,"column":4},"end":{"line":57,"column":5}},"type":"if","locations":[{"start":{"line":26,"column":4},"end":{"line":57,"column":5}},{"start":{"line":30,"column":11},"end":{"line":57,"column":5}}],"line":26},"1":{"loc":{"start":{"line":26,"column":8},"end":{"line":26,"column":58}},"type":"binary-expr","locations":[{"start":{"line":26,"column":8},"end":{"line":26,"column":13}},{"start":{"line":26,"column":17},"end":{"line":26,"column":23}},{"start":{"line":26,"column":27},"end":{"line":26,"column":36}},{"start":{"line":26,"column":40},"end":{"line":26,"column":58}}],"line":26},"2":{"loc":{"start":{"line":30,"column":11},"end":{"line":57,"column":5}},"type":"if","locations":[{"start":{"line":30,"column":11},"end":{"line":57,"column":5}},{"start":{"line":34,"column":11},"end":{"line":57,"column":5}}],"line":30},"3":{"loc":{"start":{"line":37,"column":8},"end":{"line":50,"column":9}},"type":"if","locations":[{"start":{"line":37,"column":8},"end":{"line":50,"column":9}},{"start":{"line":41,"column":15},"end":{"line":50,"column":9}}],"line":37}},"s":{"0":1,"1":1,"2":1,"3":1,"4":0,"5":0,"6":0,"7":0,"8":0,"9":0,"10":0,"11":0,"12":0,"13":0,"14":0,"15":0,"16":0,"17":0,"18":0,"19":0,"20":0,"21":1},"f":{"0":0,"1":0,"2":0,"3":0},"b":{"0":[0,0],"1":[0,0,0,0],"2":[0,0],"3":[0,0]},"_coverageSchema":"1a1c01bbd47fc00a2c39e90264f33305004495a9","hash":"e63491d61e5e35e832abc809301ef8099275ded3"}
,"C:\\Users\\HP\\OneDrive - BCIT\\Desktop\\Documents\\BCIT CIT\\ACIT 2911\\controller\\reminder_controller.js": {"path":"C:\\Users\\HP\\OneDrive - BCIT\\Desktop\\Documents\\BCIT CIT\\ACIT 2911\\controller\\reminder_controller.js","statementMap":{"0":{"start":{"line":1,"column":15},"end":{"line":1,"column":54}},"1":{"start":{"line":2,"column":23},"end":{"line":2,"column":62}},"2":{"start":{"line":3,"column":25},"end":{"line":3,"column":50}},"3":{"start":{"line":4,"column":15},"end":{"line":4,"column":33}},"4":{"start":{"line":7,"column":26},"end":{"line":196,"column":1}},"5":{"start":{"line":10,"column":4},"end":{"line":12,"column":5}},"6":{"start":{"line":11,"column":6},"end":{"line":11,"column":36}},"7":{"start":{"line":14,"column":20},"end":{"line":18,"column":6}},"8":{"start":{"line":20,"column":4},"end":{"line":22,"column":5}},"9":{"start":{"line":21,"column":6},"end":{"line":21,"column":35}},"10":{"start":{"line":26,"column":4},"end":{"line":36,"column":5}},"11":{"start":{"line":27,"column":8},"end":{"line":27,"column":37}},"12":{"start":{"line":28,"column":11},"end":{"line":36,"column":5}},"13":{"start":{"line":30,"column":19},"end":{"line":30,"column":29}},"14":{"start":{"line":31,"column":26},"end":{"line":31,"column":88}},"15":{"start":{"line":33,"column":6},"end":{"line":33,"column":95}},"16":{"start":{"line":35,"column":6},"end":{"line":35,"column":35}},"17":{"start":{"line":43,"column":4},"end":{"line":43,"column":33}},"18":{"start":{"line":47,"column":25},"end":{"line":47,"column":38}},"19":{"start":{"line":49,"column":23},"end":{"line":53,"column":6}},"20":{"start":{"line":55,"column":4},"end":{"line":65,"column":5}},"21":{"start":{"line":56,"column":6},"end":{"line":56,"column":76}},"22":{"start":{"line":58,"column":22},"end":{"line":63,"column":8}},"23":{"start":{"line":64,"column":6},"end":{"line":64,"column":60}},"24":{"start":{"line":70,"column":23},"end":{"line":76,"column":5}},"25":{"start":{"line":78,"column":4},"end":{"line":87,"column":5}},"26":{"start":{"line":79,"column":20},"end":{"line":79,"column":46}},"27":{"start":{"line":80,"column":6},"end":{"line":80,"column":26}},"28":{"start":{"line":81,"column":6},"end":{"line":81,"column":28}},"29":{"start":{"line":82,"column":6},"end":{"line":82,"column":28}},"30":{"start":{"line":83,"column":6},"end":{"line":83,"column":33}},"31":{"start":{"line":84,"column":6},"end":{"line":84,"column":37}},"32":{"start":{"line":86,"column":6},"end":{"line":86,"column":33}},"33":{"start":{"line":89,"column":22},"end":{"line":91,"column":6}},"34":{"start":{"line":93,"column":4},"end":{"line":93,"column":30}},"35":{"start":{"line":97,"column":25},"end":{"line":97,"column":38}},"36":{"start":{"line":98,"column":23},"end":{"line":102,"column":6}},"37":{"start":{"line":103,"column":4},"end":{"line":103,"column":63}},"38":{"start":{"line":111,"column":4},"end":{"line":137,"column":5}},"39":{"start":{"line":112,"column":27},"end":{"line":112,"column":40}},"40":{"start":{"line":113,"column":21},"end":{"line":117,"column":8}},"41":{"start":{"line":119,"column":6},"end":{"line":121,"column":7}},"42":{"start":{"line":120,"column":8},"end":{"line":120,"column":57}},"43":{"start":{"line":122,"column":28},"end":{"line":131,"column":8}},"44":{"start":{"line":133,"column":6},"end":{"line":133,"column":32}},"45":{"start":{"line":135,"column":6},"end":{"line":135,"column":54}},"46":{"start":{"line":136,"column":6},"end":{"line":136,"column":42}},"47":{"start":{"line":146,"column":25},"end":{"line":146,"column":38}},"48":{"start":{"line":147,"column":4},"end":{"line":151,"column":6}},"49":{"start":{"line":152,"column":4},"end":{"line":152,"column":30}},"50":{"start":{"line":156,"column":4},"end":{"line":172,"column":6}},"51":{"start":{"line":157,"column":6},"end":{"line":160,"column":7}},"52":{"start":{"line":158,"column":8},"end":{"line":158,"column":24}},"53":{"start":{"line":159,"column":8},"end":{"line":159,"column":37}},"54":{"start":{"line":162,"column":6},"end":{"line":162,"column":27}},"55":{"start":{"line":164,"column":24},"end":{"line":164,"column":26}},"56":{"start":{"line":165,"column":6},"end":{"line":170,"column":7}},"57":{"start":{"line":166,"column":8},"end":{"line":169,"column":9}},"58":{"start":{"line":167,"column":10},"end":{"line":167,"column":26}},"59":{"start":{"line":168,"column":10},"end":{"line":168,"column":83}},"60":{"start":{"line":171,"column":6},"end":{"line":171,"column":68}},"61":{"start":{"line":176,"column":22},"end":{"line":176,"column":42}},"62":{"start":{"line":177,"column":4},"end":{"line":184,"column":6}},"63":{"start":{"line":178,"column":6},"end":{"line":183,"column":7}},"64":{"start":{"line":179,"column":8},"end":{"line":179,"column":24}},"65":{"start":{"line":180,"column":8},"end":{"line":180,"column":30}},"66":{"start":{"line":182,"column":8},"end":{"line":182,"column":30}},"67":{"start":{"line":188,"column":6},"end":{"line":193,"column":8}},"68":{"start":{"line":189,"column":8},"end":{"line":191,"column":9}},"69":{"start":{"line":190,"column":10},"end":{"line":190,"column":26}},"70":{"start":{"line":192,"column":8},"end":{"line":192,"column":30}},"71":{"start":{"line":198,"column":0},"end":{"line":198,"column":36}}},"fnMap":{"0":{"name":"(anonymous_0)","decl":{"start":{"line":8,"column":8},"end":{"line":8,"column":9}},"loc":{"start":{"line":8,"column":28},"end":{"line":37,"column":3}},"line":8},"1":{"name":"(anonymous_1)","decl":{"start":{"line":42,"column":7},"end":{"line":42,"column":8}},"loc":{"start":{"line":42,"column":21},"end":{"line":44,"column":3}},"line":42},"2":{"name":"(anonymous_2)","decl":{"start":{"line":46,"column":11},"end":{"line":46,"column":12}},"loc":{"start":{"line":46,"column":31},"end":{"line":66,"column":3}},"line":46},"3":{"name":"(anonymous_3)","decl":{"start":{"line":68,"column":10},"end":{"line":68,"column":11}},"loc":{"start":{"line":68,"column":30},"end":{"line":94,"column":3}},"line":68},"4":{"name":"(anonymous_4)","decl":{"start":{"line":96,"column":8},"end":{"line":96,"column":9}},"loc":{"start":{"line":96,"column":28},"end":{"line":104,"column":3}},"line":96},"5":{"name":"(anonymous_5)","decl":{"start":{"line":110,"column":10},"end":{"line":110,"column":11}},"loc":{"start":{"line":110,"column":30},"end":{"line":138,"column":3}},"line":110},"6":{"name":"(anonymous_6)","decl":{"start":{"line":145,"column":10},"end":{"line":145,"column":11}},"loc":{"start":{"line":145,"column":30},"end":{"line":153,"column":3}},"line":145},"7":{"name":"(anonymous_7)","decl":{"start":{"line":154,"column":9},"end":{"line":154,"column":10}},"loc":{"start":{"line":154,"column":23},"end":{"line":174,"column":3}},"line":154},"8":{"name":"(anonymous_8)","decl":{"start":{"line":156,"column":25},"end":{"line":156,"column":26}},"loc":{"start":{"line":156,"column":44},"end":{"line":172,"column":5}},"line":156},"9":{"name":"(anonymous_9)","decl":{"start":{"line":175,"column":11},"end":{"line":175,"column":12}},"loc":{"start":{"line":175,"column":25},"end":{"line":185,"column":3}},"line":175},"10":{"name":"(anonymous_10)","decl":{"start":{"line":177,"column":40},"end":{"line":177,"column":41}},"loc":{"start":{"line":177,"column":49},"end":{"line":184,"column":5}},"line":177},"11":{"name":"(anonymous_11)","decl":{"start":{"line":187,"column":10},"end":{"line":187,"column":11}},"loc":{"start":{"line":187,"column":24},"end":{"line":194,"column":5}},"line":187},"12":{"name":"(anonymous_12)","decl":{"start":{"line":188,"column":26},"end":{"line":188,"column":27}},"loc":{"start":{"line":188,"column":35},"end":{"line":193,"column":7}},"line":188}},"branchMap":{"0":{"loc":{"start":{"line":10,"column":4},"end":{"line":12,"column":5}},"type":"if","locations":[{"start":{"line":10,"column":4},"end":{"line":12,"column":5}},{"start":{},"end":{}}],"line":10},"1":{"loc":{"start":{"line":20,"column":4},"end":{"line":22,"column":5}},"type":"if","locations":[{"start":{"line":20,"column":4},"end":{"line":22,"column":5}},{"start":{},"end":{}}],"line":20},"2":{"loc":{"start":{"line":26,"column":4},"end":{"line":36,"column":5}},"type":"if","locations":[{"start":{"line":26,"column":4},"end":{"line":36,"column":5}},{"start":{"line":28,"column":11},"end":{"line":36,"column":5}}],"line":26},"3":{"loc":{"start":{"line":26,"column":8},"end":{"line":26,"column":45}},"type":"binary-expr","locations":[{"start":{"line":26,"column":8},"end":{"line":26,"column":16}},{"start":{"line":26,"column":20},"end":{"line":26,"column":45}}],"line":26},"4":{"loc":{"start":{"line":28,"column":11},"end":{"line":36,"column":5}},"type":"if","locations":[{"start":{"line":28,"column":11},"end":{"line":36,"column":5}},{"start":{"line":34,"column":11},"end":{"line":36,"column":5}}],"line":28},"5":{"loc":{"start":{"line":28,"column":15},"end":{"line":28,"column":54}},"type":"binary-expr","locations":[{"start":{"line":28,"column":15},"end":{"line":28,"column":23}},{"start":{"line":28,"column":27},"end":{"line":28,"column":54}}],"line":28},"6":{"loc":{"start":{"line":55,"column":4},"end":{"line":65,"column":5}},"type":"if","locations":[{"start":{"line":55,"column":4},"end":{"line":65,"column":5}},{"start":{"line":57,"column":11},"end":{"line":65,"column":5}}],"line":55},"7":{"loc":{"start":{"line":78,"column":4},"end":{"line":87,"column":5}},"type":"if","locations":[{"start":{"line":78,"column":4},"end":{"line":87,"column":5}},{"start":{"line":85,"column":11},"end":{"line":87,"column":5}}],"line":78},"8":{"loc":{"start":{"line":119,"column":6},"end":{"line":121,"column":7}},"type":"if","locations":[{"start":{"line":119,"column":6},"end":{"line":121,"column":7}},{"start":{},"end":{}}],"line":119},"9":{"loc":{"start":{"line":157,"column":6},"end":{"line":160,"column":7}},"type":"if","locations":[{"start":{"line":157,"column":6},"end":{"line":160,"column":7}},{"start":{},"end":{}}],"line":157},"10":{"loc":{"start":{"line":166,"column":8},"end":{"line":169,"column":9}},"type":"if","locations":[{"start":{"line":166,"column":8},"end":{"line":169,"column":9}},{"start":{},"end":{}}],"line":166},"11":{"loc":{"start":{"line":178,"column":6},"end":{"line":183,"column":7}},"type":"if","locations":[{"start":{"line":178,"column":6},"end":{"line":183,"column":7}},{"start":{"line":181,"column":13},"end":{"line":183,"column":7}}],"line":178},"12":{"loc":{"start":{"line":189,"column":8},"end":{"line":191,"column":9}},"type":"if","locations":[{"start":{"line":189,"column":8},"end":{"line":191,"column":9}},{"start":{},"end":{}}],"line":189}},"s":{"0":1,"1":1,"2":1,"3":1,"4":1,"5":0,"6":0,"7":0,"8":0,"9":0,"10":0,"11":0,"12":0,"13":0,"14":0,"15":0,"16":0,"17":0,"18":0,"19":0,"20":0,"21":0,"22":0,"23":0,"24":0,"25":0,"26":0,"27":0,"28":0,"29":0,"30":0,"31":0,"32":0,"33":0,"34":0,"35":0,"36":0,"37":0,"38":0,"39":0,"40":0,"41":0,"42":0,"43":0,"44":0,"45":0,"46":0,"47":0,"48":0,"49":0,"50":0,"51":0,"52":0,"53":0,"54":0,"55":0,"56":0,"57":0,"58":0,"59":0,"60":0,"61":0,"62":0,"63":0,"64":0,"65":0,"66":0,"67":0,"68":0,"69":0,"70":0,"71":1},"f":{"0":0,"1":0,"2":0,"3":0,"4":0,"5":0,"6":0,"7":0,"8":0,"9":0,"10":0,"11":0,"12":0},"b":{"0":[0,0],"1":[0,0],"2":[0,0],"3":[0,0],"4":[0,0],"5":[0,0],"6":[0,0],"7":[0,0],"8":[0,0],"9":[0,0],"10":[0,0],"11":[0,0],"12":[0,0]},"_coverageSchema":"1a1c01bbd47fc00a2c39e90264f33305004495a9","hash":"e1d82234c4596827f64b7c985f96ef16af8f7490"}
,"C:\\Users\\HP\\OneDrive - BCIT\\Desktop\\Documents\\BCIT CIT\\ACIT 2911\\controller\\userController.js": {"path":"C:\\Users\\HP\\OneDrive - BCIT\\Desktop\\Documents\\BCIT CIT\\ACIT 2911\\controller\\userController.js","statementMap":{"0":{"start":{"line":1,"column":18},"end":{"line":1,"column":58}},"1":{"start":{"line":2,"column":25},"end":{"line":2,"column":50}},"2":{"start":{"line":3,"column":15},"end":{"line":3,"column":33}},"3":{"start":{"line":6,"column":2},"end":{"line":6,"column":35}},"4":{"start":{"line":9,"column":36},"end":{"line":19,"column":1}},"5":{"start":{"line":10,"column":13},"end":{"line":10,"column":43}},"6":{"start":{"line":11,"column":2},"end":{"line":16,"column":3}},"7":{"start":{"line":12,"column":4},"end":{"line":15,"column":5}},"8":{"start":{"line":14,"column":6},"end":{"line":14,"column":17}},"9":{"start":{"line":17,"column":2},"end":{"line":17,"column":66}},"10":{"start":{"line":18,"column":2},"end":{"line":18,"column":13}},"11":{"start":{"line":21,"column":20},"end":{"line":28,"column":1}},"12":{"start":{"line":22,"column":13},"end":{"line":22,"column":41}},"13":{"start":{"line":23,"column":2},"end":{"line":25,"column":3}},"14":{"start":{"line":24,"column":4},"end":{"line":24,"column":15}},"15":{"start":{"line":26,"column":2},"end":{"line":26,"column":50}},"16":{"start":{"line":27,"column":2},"end":{"line":27,"column":13}},"17":{"start":{"line":30,"column":0},"end":{"line":33,"column":1}}},"fnMap":{"0":{"name":"isUserValid","decl":{"start":{"line":5,"column":9},"end":{"line":5,"column":20}},"loc":{"start":{"line":5,"column":37},"end":{"line":7,"column":1}},"line":5},"1":{"name":"(anonymous_1)","decl":{"start":{"line":9,"column":36},"end":{"line":9,"column":37}},"loc":{"start":{"line":9,"column":63},"end":{"line":19,"column":1}},"line":9},"2":{"name":"(anonymous_2)","decl":{"start":{"line":21,"column":20},"end":{"line":21,"column":21}},"loc":{"start":{"line":21,"column":34},"end":{"line":28,"column":1}},"line":21}},"branchMap":{"0":{"loc":{"start":{"line":11,"column":2},"end":{"line":16,"column":3}},"type":"if","locations":[{"start":{"line":11,"column":2},"end":{"line":16,"column":3}},{"start":{},"end":{}}],"line":11},"1":{"loc":{"start":{"line":12,"column":4},"end":{"line":15,"column":5}},"type":"if","locations":[{"start":{"line":12,"column":4},"end":{"line":15,"column":5}},{"start":{},"end":{}}],"line":12},"2":{"loc":{"start":{"line":23,"column":2},"end":{"line":25,"column":3}},"type":"if","locations":[{"start":{"line":23,"column":2},"end":{"line":25,"column":3}},{"start":{},"end":{}}],"line":23}},"s":{"0":1,"1":1,"2":1,"3":0,"4":1,"5":0,"6":0,"7":0,"8":0,"9":0,"10":0,"11":1,"12":0,"13":0,"14":0,"15":0,"16":0,"17":1},"f":{"0":0,"1":0,"2":0},"b":{"0":[0,0],"1":[0,0],"2":[0,0]},"_coverageSchema":"1a1c01bbd47fc00a2c39e90264f33305004495a9","hash":"528de93676e864eb8fe16f4310531c93b242bfd4"}
,"C:\\Users\\HP\\OneDrive - BCIT\\Desktop\\Documents\\BCIT CIT\\ACIT 2911\\middleware\\checkAuth.js": {"path":"C:\\Users\\HP\\OneDrive - BCIT\\Desktop\\Documents\\BCIT CIT\\ACIT 2911\\middleware\\checkAuth.js","statementMap":{"0":{"start":{"line":1,"column":0},"end":{"line":14,"column":2}},"1":{"start":{"line":3,"column":4},"end":{"line":5,"column":5}},"2":{"start":{"line":4,"column":6},"end":{"line":4,"column":20}},"3":{"start":{"line":6,"column":4},"end":{"line":6,"column":32}},"4":{"start":{"line":9,"column":4},"end":{"line":11,"column":5}},"5":{"start":{"line":10,"column":6},"end":{"line":10,"column":20}},"6":{"start":{"line":12,"column":4},"end":{"line":12,"column":30}}},"fnMap":{"0":{"name":"(anonymous_0)","decl":{"start":{"line":2,"column":23},"end":{"line":2,"column":24}},"loc":{"start":{"line":2,"column":49},"end":{"line":7,"column":3}},"line":2},"1":{"name":"(anonymous_1)","decl":{"start":{"line":8,"column":24},"end":{"line":8,"column":25}},"loc":{"start":{"line":8,"column":50},"end":{"line":13,"column":3}},"line":8}},"branchMap":{"0":{"loc":{"start":{"line":3,"column":4},"end":{"line":5,"column":5}},"type":"if","locations":[{"start":{"line":3,"column":4},"end":{"line":5,"column":5}},{"start":{},"end":{}}],"line":3},"1":{"loc":{"start":{"line":9,"column":4},"end":{"line":11,"column":5}},"type":"if","locations":[{"start":{"line":9,"column":4},"end":{"line":11,"column":5}},{"start":{},"end":{}}],"line":9}},"s":{"0":1,"1":0,"2":0,"3":0,"4":0,"5":0,"6":0},"f":{"0":0,"1":0},"b":{"0":[0,0],"1":[0,0]},"_coverageSchema":"1a1c01bbd47fc00a2c39e90264f33305004495a9","hash":"036daa5547c0013f1ce72af180be4f488e934e5c"}
,"C:\\Users\\HP\\OneDrive - BCIT\\Desktop\\Documents\\BCIT CIT\\ACIT 2911\\middleware\\passport.js": {"path":"C:\\Users\\HP\\OneDrive - BCIT\\Desktop\\Documents\\BCIT CIT\\ACIT 2911\\middleware\\passport.js","statementMap":{"0":{"start":{"line":1,"column":17},"end":{"line":1,"column":36}},"1":{"start":{"line":2,"column":22},"end":{"line":2,"column":56}},"2":{"start":{"line":3,"column":23},"end":{"line":3,"column":62}},"3":{"start":{"line":4,"column":25},"end":{"line":4,"column":50}},"4":{"start":{"line":5,"column":15},"end":{"line":5,"column":33}},"5":{"start":{"line":6,"column":19},"end":{"line":19,"column":1}},"6":{"start":{"line":12,"column":17},"end":{"line":12,"column":82}},"7":{"start":{"line":13,"column":4},"end":{"line":17,"column":11}},"8":{"start":{"line":21,"column":0},"end":{"line":23,"column":3}},"9":{"start":{"line":22,"column":2},"end":{"line":22,"column":22}},"10":{"start":{"line":25,"column":0},"end":{"line":32,"column":3}},"11":{"start":{"line":26,"column":15},"end":{"line":30,"column":4}},"12":{"start":{"line":31,"column":2},"end":{"line":31,"column":19}},"13":{"start":{"line":34,"column":0},"end":{"line":34,"column":42}}},"fnMap":{"0":{"name":"(anonymous_0)","decl":{"start":{"line":11,"column":2},"end":{"line":11,"column":3}},"loc":{"start":{"line":11,"column":35},"end":{"line":18,"column":3}},"line":11},"1":{"name":"(anonymous_1)","decl":{"start":{"line":21,"column":23},"end":{"line":21,"column":24}},"loc":{"start":{"line":21,"column":39},"end":{"line":23,"column":1}},"line":21},"2":{"name":"(anonymous_2)","decl":{"start":{"line":25,"column":25},"end":{"line":25,"column":26}},"loc":{"start":{"line":25,"column":45},"end":{"line":32,"column":1}},"line":25}},"branchMap":{"0":{"loc":{"start":{"line":13,"column":11},"end":{"line":17,"column":10}},"type":"cond-expr","locations":[{"start":{"line":14,"column":8},"end":{"line":14,"column":24}},{"start":{"line":15,"column":8},"end":{"line":17,"column":10}}],"line":13}},"s":{"0":1,"1":1,"2":1,"3":1,"4":1,"5":1,"6":0,"7":0,"8":1,"9":0,"10":1,"11":0,"12":0,"13":1},"f":{"0":0,"1":0,"2":0},"b":{"0":[0,0]},"_coverageSchema":"1a1c01bbd47fc00a2c39e90264f33305004495a9","hash":"c1e83ae8ea88847e90629e7483ac8f99efbbcb63"}
,"C:\\Users\\HP\\OneDrive - BCIT\\Desktop\\Documents\\BCIT CIT\\ACIT 2911\\models\\userModel.js": {"path":"C:\\Users\\HP\\OneDrive - BCIT\\Desktop\\Documents\\BCIT CIT\\ACIT 2911\\models\\userModel.js","statementMap":{"0":{"start":{"line":1,"column":25},"end":{"line":1,"column":50}},"1":{"start":{"line":2,"column":15},"end":{"line":2,"column":33}},"2":{"start":{"line":4,"column":15},"end":{"line":90,"column":1}},"3":{"start":{"line":93,"column":18},"end":{"line":123,"column":1}},"4":{"start":{"line":95,"column":18},"end":{"line":99,"column":6}},"5":{"start":{"line":100,"column":4},"end":{"line":102,"column":5}},"6":{"start":{"line":101,"column":6},"end":{"line":101,"column":17}},"7":{"start":{"line":103,"column":4},"end":{"line":103,"column":25}},"8":{"start":{"line":104,"column":4},"end":{"line":104,"column":20}},"9":{"start":{"line":107,"column":17},"end":{"line":111,"column":6}},"10":{"start":{"line":112,"column":4},"end":{"line":114,"column":5}},"11":{"start":{"line":113,"column":6},"end":{"line":113,"column":59}},"12":{"start":{"line":115,"column":4},"end":{"line":115,"column":16}},"13":{"start":{"line":118,"column":20},"end":{"line":120,"column":6}},"14":{"start":{"line":121,"column":4},"end":{"line":121,"column":19}},"15":{"start":{"line":125,"column":0},"end":{"line":125,"column":40}}},"fnMap":{"0":{"name":"(anonymous_0)","decl":{"start":{"line":94,"column":11},"end":{"line":94,"column":12}},"loc":{"start":{"line":94,"column":28},"end":{"line":105,"column":3}},"line":94},"1":{"name":"(anonymous_1)","decl":{"start":{"line":106,"column":12},"end":{"line":106,"column":13}},"loc":{"start":{"line":106,"column":26},"end":{"line":116,"column":3}},"line":106},"2":{"name":"(anonymous_2)","decl":{"start":{"line":117,"column":11},"end":{"line":117,"column":12}},"loc":{"start":{"line":117,"column":27},"end":{"line":122,"column":3}},"line":117}},"branchMap":{"0":{"loc":{"start":{"line":100,"column":4},"end":{"line":102,"column":5}},"type":"if","locations":[{"start":{"line":100,"column":4},"end":{"line":102,"column":5}},{"start":{},"end":{}}],"line":100},"1":{"loc":{"start":{"line":112,"column":4},"end":{"line":114,"column":5}},"type":"if","locations":[{"start":{"line":112,"column":4},"end":{"line":114,"column":5}},{"start":{},"end":{}}],"line":112}},"s":{"0":1,"1":1,"2":1,"3":1,"4":0,"5":0,"6":0,"7":0,"8":0,"9":0,"10":0,"11":0,"12":0,"13":0,"14":0,"15":1},"f":{"0":0,"1":0,"2":0},"b":{"0":[0,0],"1":[0,0]},"_coverageSchema":"1a1c01bbd47fc00a2c39e90264f33305004495a9","hash":"d72aaf7384f57968116e13baded888a0e9c3d5df"}
}
