TN:
SF:controller\userController.js
FN:5,isUserValid
FN:9,(anonymous_1)
FN:20,(anonymous_2)
FNF:3
FNH:3
FNDA:2,isUserValid
FNDA:4,(anonymous_1)
FNDA:4,(anonymous_2)
DA:1,2
DA:2,2
DA:3,2
DA:6,2
DA:9,2
DA:10,4
DA:11,4
DA:12,2
DA:13,0
DA:16,4
DA:17,4
DA:20,2
DA:21,4
DA:22,4
DA:23,2
DA:25,2
DA:26,2
DA:29,2
LF:18
LH:17
BRDA:11,0,0,2
BRDA:11,0,1,2
BRDA:12,1,0,0
BRDA:12,1,1,2
BRDA:22,2,0,2
BRDA:22,2,1,2
BRF:6
BRH:5
end_of_record
TN:
SF:models\reminderModel.js
FN:5,(anonymous_0)
FN:13,(anonymous_1)
FN:21,(anonymous_2)
FN:27,(anonymous_3)
FN:36,(anonymous_4)
FNF:5
FNH:5
FNDA:1,(anonymous_0)
FNDA:2,(anonymous_1)
FNDA:2,(anonymous_2)
FNDA:1,(anonymous_3)
FNDA:1,(anonymous_4)
DA:1,1
DA:2,1
DA:4,1
DA:6,1
DA:11,1
DA:14,2
DA:19,2
DA:22,2
DA:25,2
DA:28,1
DA:34,1
DA:37,1
DA:45,1
LF:13
LH:13
BRF:0
BRH:0
end_of_record
TN:
SF:models\userModel.js
FN:94,(anonymous_0)
FN:106,(anonymous_1)
FN:117,(anonymous_2)
FNF:3
FNH:3
FNDA:2,(anonymous_0)
FNDA:2,(anonymous_1)
FNDA:5,(anonymous_2)
DA:1,3
DA:2,3
DA:93,3
DA:95,2
DA:100,2
DA:101,1
DA:103,1
DA:104,1
DA:107,2
DA:112,2
DA:113,1
DA:115,1
DA:118,5
DA:121,4
DA:125,3
LF:15
LH:15
BRDA:100,0,0,1
BRDA:100,0,1,1
BRDA:112,1,0,1
BRDA:112,1,1,1
BRF:4
BRH:4
end_of_record
