TN:
SF:models\reminderModel.js
FN:5,(anonymous_0)
FN:13,(anonymous_1)
FN:21,(anonymous_2)
FN:27,(anonymous_3)
FN:36,(anonymous_4)
FNF:5
FNH:2
FNDA:1,(anonymous_0)
FNDA:0,(anonymous_1)
FNDA:4,(anonymous_2)
FNDA:0,(anonymous_3)
FNDA:0,(anonymous_4)
DA:1,1
DA:2,1
DA:4,1
DA:6,1
DA:11,0
DA:14,0
DA:19,0
DA:22,4
DA:25,0
DA:28,0
DA:34,0
DA:37,0
DA:45,1
LF:13
LH:6
BRF:0
BRH:0
end_of_record
TN:
SF:models\userModel.js
FN:94,(anonymous_0)
FN:106,(anonymous_1)
FN:117,(anonymous_2)
FNF:3
FNH:3
FNDA:2,(anonymous_0)
FNDA:2,(anonymous_1)
FNDA:4,(anonymous_2)
DA:1,1
DA:2,1
DA:93,1
DA:95,2
DA:100,2
DA:101,1
DA:103,1
DA:104,1
DA:107,2
DA:112,2
DA:113,1
DA:115,1
DA:118,4
DA:121,3
DA:125,1
LF:15
LH:15
BRDA:100,0,0,1
BRDA:100,0,1,1
BRDA:112,1,0,1
BRDA:112,1,1,1
BRF:4
BRH:4
end_of_record
